[0.720s] DEBUG:colcon:Command line arguments: ['/usr/bin/colcon', 'build', '--symlink-install']
[0.720s] DEBUG:colcon:Parsed command line arguments: Namespace(allow_overriding=[], ament_cmake_args=None, base_paths=['.'], build_base='build', catkin_cmake_args=None, catkin_skip_building_tests=False, cmake_args=None, cmake_clean_cache=False, cmake_clean_first=False, cmake_force_configure=False, cmake_target=None, cmake_target_skip_unavailable=False, continue_on_error=False, event_handlers=None, executor='parallel', ignore_user_meta=False, install_base='install', log_base=None, log_level=None, main=<bound method BuildVerb.main of <colcon_core.verb.build.BuildVerb object at 0x7f85efd0a0>>, merge_install=False, metas=['./colcon.meta'], mixin=None, mixin_files=None, mixin_verb=('build',), packages_above=None, packages_above_and_dependencies=None, packages_above_depth=None, packages_end=None, packages_ignore=None, packages_ignore_regex=None, packages_select=None, packages_select_build_failed=False, packages_select_by_dep=None, packages_select_regex=None, packages_select_test_failures=False, packages_skip=None, packages_skip_build_finished=False, packages_skip_by_dep=None, packages_skip_regex=None, packages_skip_test_passed=False, packages_skip_up_to=None, packages_start=None, packages_up_to=None, packages_up_to_regex=None, parallel_workers=4, paths=None, symlink_install=True, test_result_base=None, verb_extension=<colcon_core.verb.build.BuildVerb object at 0x7f85efd0a0>, verb_name='build', verb_parser=<colcon_mixin.mixin.mixin_argument.MixinArgumentDecorator object at 0x7f85efd700>)
[0.738s] Level 1:colcon.colcon_core.package_discovery:discover_packages(colcon_meta) check parameters
[0.741s] INFO:colcon.colcon_metadata.package_discovery.colcon_meta:Using configuration from '/root/.colcon/metadata/default/Gazebo.meta'
[0.744s] INFO:colcon.colcon_metadata.package_discovery.colcon_meta:Using configuration from '/root/.colcon/metadata/default/fastrtps.meta'
[0.744s] Level 1:colcon.colcon_core.package_discovery:discover_packages(recursive) check parameters
[0.744s] Level 1:colcon.colcon_core.package_discovery:discover_packages(ignore) check parameters
[0.744s] Level 1:colcon.colcon_core.package_discovery:discover_packages(path) check parameters
[0.744s] Level 1:colcon.colcon_core.package_discovery:discover_packages(colcon_meta) discover
[0.745s] Level 1:colcon.colcon_core.package_discovery:discover_packages(recursive) discover
[0.745s] INFO:colcon.colcon_core.package_discovery:Crawling recursively for packages in '/home/projects/ros2_ws/src/safety_stop/safety_stop'
[0.745s] Level 1:colcon.colcon_core.package_identification:_identify(.) by extensions ['ignore', 'ignore_ament_install']
[0.745s] Level 1:colcon.colcon_core.package_identification:_identify(.) by extension 'ignore'
[0.746s] Level 1:colcon.colcon_core.package_identification:_identify(.) by extension 'ignore_ament_install'
[0.746s] Level 1:colcon.colcon_core.package_identification:_identify(.) by extensions ['colcon_pkg']
[0.746s] Level 1:colcon.colcon_core.package_identification:_identify(.) by extension 'colcon_pkg'
[0.746s] Level 1:colcon.colcon_core.package_identification:_identify(.) by extensions ['colcon_meta']
[0.746s] Level 1:colcon.colcon_core.package_identification:_identify(.) by extension 'colcon_meta'
[0.747s] Level 1:colcon.colcon_core.package_identification:_identify(.) by extensions ['ros']
[0.747s] Level 1:colcon.colcon_core.package_identification:_identify(.) by extension 'ros'
[0.794s] Level 1:colcon.colcon_core.package_identification:_identify(.) by extensions ['cmake', 'python']
[0.794s] Level 1:colcon.colcon_core.package_identification:_identify(.) by extension 'cmake'
[0.795s] Level 1:colcon.colcon_core.package_identification:_identify(.) by extension 'python'
[0.795s] Level 1:colcon.colcon_core.package_identification:_identify(.) by extensions ['python_setup_py']
[0.795s] Level 1:colcon.colcon_core.package_identification:_identify(.) by extension 'python_setup_py'
[0.795s] Level 1:colcon.colcon_core.package_identification:_identify(build) by extensions ['ignore', 'ignore_ament_install']
[0.796s] Level 1:colcon.colcon_core.package_identification:_identify(build) by extension 'ignore'
[0.796s] Level 1:colcon.colcon_core.package_identification:_identify(build) ignored
[0.797s] Level 1:colcon.colcon_core.package_identification:_identify(install) by extensions ['ignore', 'ignore_ament_install']
[0.797s] Level 1:colcon.colcon_core.package_identification:_identify(install) by extension 'ignore'
[0.797s] Level 1:colcon.colcon_core.package_identification:_identify(install) ignored
[0.797s] Level 1:colcon.colcon_core.package_identification:_identify(log) by extensions ['ignore', 'ignore_ament_install']
[0.798s] Level 1:colcon.colcon_core.package_identification:_identify(log) by extension 'ignore'
[0.798s] Level 1:colcon.colcon_core.package_identification:_identify(log) ignored
[0.798s] Level 1:colcon.colcon_core.package_identification:_identify(weights) by extensions ['ignore', 'ignore_ament_install']
[0.799s] Level 1:colcon.colcon_core.package_identification:_identify(weights) by extension 'ignore'
[0.799s] Level 1:colcon.colcon_core.package_identification:_identify(weights) by extension 'ignore_ament_install'
[0.799s] Level 1:colcon.colcon_core.package_identification:_identify(weights) by extensions ['colcon_pkg']
[0.799s] Level 1:colcon.colcon_core.package_identification:_identify(weights) by extension 'colcon_pkg'
[0.799s] Level 1:colcon.colcon_core.package_identification:_identify(weights) by extensions ['colcon_meta']
[0.799s] Level 1:colcon.colcon_core.package_identification:_identify(weights) by extension 'colcon_meta'
[0.800s] Level 1:colcon.colcon_core.package_identification:_identify(weights) by extensions ['ros']
[0.800s] Level 1:colcon.colcon_core.package_identification:_identify(weights) by extension 'ros'
[0.800s] Level 1:colcon.colcon_core.package_identification:_identify(weights) by extensions ['cmake', 'python']
[0.800s] Level 1:colcon.colcon_core.package_identification:_identify(weights) by extension 'cmake'
[0.800s] Level 1:colcon.colcon_core.package_identification:_identify(weights) by extension 'python'
[0.801s] Level 1:colcon.colcon_core.package_identification:_identify(weights) by extensions ['python_setup_py']
[0.801s] Level 1:colcon.colcon_core.package_identification:_identify(weights) by extension 'python_setup_py'
[0.801s] Level 1:colcon.colcon_core.package_identification:_identify(weights/weights) by extensions ['ignore', 'ignore_ament_install']
[0.801s] Level 1:colcon.colcon_core.package_identification:_identify(weights/weights) by extension 'ignore'
[0.802s] Level 1:colcon.colcon_core.package_identification:_identify(weights/weights) by extension 'ignore_ament_install'
[0.802s] Level 1:colcon.colcon_core.package_identification:_identify(weights/weights) by extensions ['colcon_pkg']
[0.802s] Level 1:colcon.colcon_core.package_identification:_identify(weights/weights) by extension 'colcon_pkg'
[0.802s] Level 1:colcon.colcon_core.package_identification:_identify(weights/weights) by extensions ['colcon_meta']
[0.802s] Level 1:colcon.colcon_core.package_identification:_identify(weights/weights) by extension 'colcon_meta'
[0.803s] Level 1:colcon.colcon_core.package_identification:_identify(weights/weights) by extensions ['ros']
[0.803s] Level 1:colcon.colcon_core.package_identification:_identify(weights/weights) by extension 'ros'
[0.803s] Level 1:colcon.colcon_core.package_identification:_identify(weights/weights) by extensions ['cmake', 'python']
[0.803s] Level 1:colcon.colcon_core.package_identification:_identify(weights/weights) by extension 'cmake'
[0.804s] Level 1:colcon.colcon_core.package_identification:_identify(weights/weights) by extension 'python'
[0.804s] Level 1:colcon.colcon_core.package_identification:_identify(weights/weights) by extensions ['python_setup_py']
[0.804s] Level 1:colcon.colcon_core.package_identification:_identify(weights/weights) by extension 'python_setup_py'
[0.804s] Level 1:colcon.colcon_core.package_identification:_identify(weights/weights/yolov8n_openvino_model) by extensions ['ignore', 'ignore_ament_install']
[0.805s] Level 1:colcon.colcon_core.package_identification:_identify(weights/weights/yolov8n_openvino_model) by extension 'ignore'
[0.805s] Level 1:colcon.colcon_core.package_identification:_identify(weights/weights/yolov8n_openvino_model) by extension 'ignore_ament_install'
[0.805s] Level 1:colcon.colcon_core.package_identification:_identify(weights/weights/yolov8n_openvino_model) by extensions ['colcon_pkg']
[0.805s] Level 1:colcon.colcon_core.package_identification:_identify(weights/weights/yolov8n_openvino_model) by extension 'colcon_pkg'
[0.805s] Level 1:colcon.colcon_core.package_identification:_identify(weights/weights/yolov8n_openvino_model) by extensions ['colcon_meta']
[0.805s] Level 1:colcon.colcon_core.package_identification:_identify(weights/weights/yolov8n_openvino_model) by extension 'colcon_meta'
[0.806s] Level 1:colcon.colcon_core.package_identification:_identify(weights/weights/yolov8n_openvino_model) by extensions ['ros']
[0.806s] Level 1:colcon.colcon_core.package_identification:_identify(weights/weights/yolov8n_openvino_model) by extension 'ros'
[0.806s] Level 1:colcon.colcon_core.package_identification:_identify(weights/weights/yolov8n_openvino_model) by extensions ['cmake', 'python']
[0.806s] Level 1:colcon.colcon_core.package_identification:_identify(weights/weights/yolov8n_openvino_model) by extension 'cmake'
[0.807s] Level 1:colcon.colcon_core.package_identification:_identify(weights/weights/yolov8n_openvino_model) by extension 'python'
[0.807s] Level 1:colcon.colcon_core.package_identification:_identify(weights/weights/yolov8n_openvino_model) by extensions ['python_setup_py']
[0.807s] Level 1:colcon.colcon_core.package_identification:_identify(weights/weights/yolov8n_openvino_model) by extension 'python_setup_py'
[0.807s] Level 1:colcon.colcon_core.package_discovery:discover_packages(recursive) using defaults
[0.807s] Level 1:colcon.colcon_core.package_discovery:discover_packages(ignore) discover
[0.807s] Level 1:colcon.colcon_core.package_discovery:discover_packages(ignore) using defaults
[0.808s] Level 1:colcon.colcon_core.package_discovery:discover_packages(path) discover
[0.808s] Level 1:colcon.colcon_core.package_discovery:discover_packages(path) using defaults
[0.878s] Level 1:colcon.colcon_core.package_discovery:discover_packages(prefix_path) check parameters
[0.878s] Level 1:colcon.colcon_core.package_discovery:discover_packages(prefix_path) discover
[0.883s] Level 1:colcon.colcon_core.package_discovery:discover_packages(prefix_path) using defaults
[0.888s] INFO:colcon.colcon_core.executor:Executing jobs using 'parallel' executor
[0.896s] DEBUG:colcon.colcon_parallel_executor.executor.parallel:run_until_complete
[0.896s] DEBUG:colcon.colcon_parallel_executor.executor.parallel:closing loop
[0.897s] DEBUG:colcon.colcon_parallel_executor.executor.parallel:loop closed
[0.897s] DEBUG:colcon.colcon_parallel_executor.executor.parallel:run_until_complete finished with '0'
[0.897s] DEBUG:colcon.colcon_core.event_reactor:joining thread
[0.957s] INFO:colcon.colcon_core.plugin_system:Skipping extension 'colcon_notification.desktop_notification.notify_send': Could not find 'notify-send'
[0.958s] INFO:colcon.colcon_core.plugin_system:Skipping extension 'colcon_notification.desktop_notification.terminal_notifier': Not used on non-Darwin systems
[0.958s] INFO:colcon.colcon_core.plugin_system:Skipping extension 'colcon_notification.desktop_notification.win32': Not used on non-Windows systems
[0.958s] INFO:colcon.colcon_notification.desktop_notification:Sending desktop notification using 'notify2'
[1.179s] DEBUG:colcon.colcon_notification.desktop_notification.notify2:Failed to initialize notify2: org.freedesktop.DBus.Error.ServiceUnknown: The name org.freedesktop.Notifications was not provided by any .service files
[1.180s] DEBUG:colcon.colcon_core.event_reactor:joined thread
[1.195s] INFO:colcon.colcon_core.plugin_system:Skipping extension 'colcon_core.shell.bat': Not used on non-Windows systems
[1.196s] INFO:colcon.colcon_core.shell:Creating prefix script '/home/projects/ros2_ws/src/safety_stop/safety_stop/install/local_setup.ps1'
[1.200s] INFO:colcon.colcon_core.shell:Creating prefix util module '/home/projects/ros2_ws/src/safety_stop/safety_stop/install/_local_setup_util_ps1.py'
[1.206s] INFO:colcon.colcon_core.shell:Creating prefix chain script '/home/projects/ros2_ws/src/safety_stop/safety_stop/install/setup.ps1'
[1.210s] INFO:colcon.colcon_core.shell:Creating prefix script '/home/projects/ros2_ws/src/safety_stop/safety_stop/install/local_setup.sh'
[1.212s] INFO:colcon.colcon_core.shell:Creating prefix util module '/home/projects/ros2_ws/src/safety_stop/safety_stop/install/_local_setup_util_sh.py'
[1.213s] INFO:colcon.colcon_core.shell:Creating prefix chain script '/home/projects/ros2_ws/src/safety_stop/safety_stop/install/setup.sh'
[1.217s] INFO:colcon.colcon_core.shell:Creating prefix script '/home/projects/ros2_ws/src/safety_stop/safety_stop/install/local_setup.bash'
[1.219s] INFO:colcon.colcon_core.shell:Creating prefix chain script '/home/projects/ros2_ws/src/safety_stop/safety_stop/install/setup.bash'
[1.222s] INFO:colcon.colcon_core.shell:Creating prefix script '/home/projects/ros2_ws/src/safety_stop/safety_stop/install/local_setup.zsh'
[1.224s] INFO:colcon.colcon_core.shell:Creating prefix chain script '/home/projects/ros2_ws/src/safety_stop/safety_stop/install/setup.zsh'
